2023-06-09 11:01:13.400 UTC [1] LOG:  starting PostgreSQL 15.3 on x86_64-pc-linux-musl, compiled by gcc (Alpine 12.2.1_git20220924-r10) 12.2.1 20220924, 64-bit
2023-06-09 11:01:13.401 UTC [1] LOG:  listening on IPv4 address "0.0.0.0", port 5432
2023-06-09 11:01:13.401 UTC [1] LOG:  listening on IPv6 address "::", port 5432
2023-06-09 11:01:13.405 UTC [1] LOG:  listening on Unix socket "/var/run/postgresql/.s.PGSQL.5432"
2023-06-09 11:01:13.410 UTC [25] LOG:  database system was shut down at 2023-06-09 11:01:12 UTC
2023-06-09 11:01:13.418 UTC [1] LOG:  database system is ready to accept connections
2023-06-09 11:06:11.935 UTC [49] FATAL:  role "root" does not exist
2023-06-09 11:06:13.976 UTC [23] LOG:  checkpoint starting: time
2023-06-09 11:06:18.118 UTC [23] LOG:  checkpoint complete: wrote 44 buffers (0.3%); 0 WAL file(s) added, 0 removed, 0 recycled; write=4.114 s, sync=0.011 s, total=4.142 s; sync files=12, longest=0.008 s, average=0.001 s; distance=252 kB, estimate=252 kB
2023-06-09 11:11:12.014 UTC [71] FATAL:  role "root" does not exist
2023-06-09 11:16:10.613 UTC [93] FATAL:  role "root" does not exist
2023-06-09 11:21:09.208 UTC [115] FATAL:  role "root" does not exist
2023-06-09 11:26:09.297 UTC [137] FATAL:  role "root" does not exist
2023-06-09 11:31:07.844 UTC [159] FATAL:  role "root" does not exist
2023-06-09 11:36:06.396 UTC [181] FATAL:  role "root" does not exist
2023-06-09 11:41:06.496 UTC [203] FATAL:  role "root" does not exist
2023-06-09 11:46:05.044 UTC [225] FATAL:  role "root" does not exist
2023-06-09 12:04:16.123 UTC [247] FATAL:  role "root" does not exist
2023-06-09 12:06:55.487 UTC [1] LOG:  received fast shutdown request
2023-06-09 12:06:55.490 UTC [1] LOG:  aborting any active transactions
2023-06-09 12:06:55.491 UTC [1] LOG:  background worker "logical replication launcher" (PID 28) exited with exit code 1
2023-06-09 12:06:55.491 UTC [23] LOG:  shutting down
2023-06-09 12:06:55.493 UTC [23] LOG:  checkpoint starting: shutdown immediate
2023-06-09 12:06:55.504 UTC [23] LOG:  checkpoint complete: wrote 0 buffers (0.0%); 0 WAL file(s) added, 0 removed, 0 recycled; write=0.001 s, sync=0.001 s, total=0.014 s; sync files=0, longest=0.000 s, average=0.000 s; distance=0 kB, estimate=227 kB
2023-06-09 12:06:55.508 UTC [1] LOG:  database system is shut down
