2023-06-09 12:19:25.120 UTC [1] LOG:  starting PostgreSQL 15.3 on x86_64-pc-linux-musl, compiled by gcc (Alpine 12.2.1_git20220924-r10) 12.2.1 20220924, 64-bit
2023-06-09 12:19:25.120 UTC [1] LOG:  listening on IPv4 address "0.0.0.0", port 5432
2023-06-09 12:19:25.120 UTC [1] LOG:  listening on IPv6 address "::", port 5432
2023-06-09 12:19:25.127 UTC [1] LOG:  listening on Unix socket "/var/run/postgresql/.s.PGSQL.5432"
2023-06-09 12:19:25.140 UTC [25] LOG:  database system was shut down at 2023-06-09 12:19:24 UTC
2023-06-09 12:19:25.147 UTC [1] LOG:  database system is ready to accept connections
2023-06-09 12:20:40.885 UTC [32] LOG:  statement: select * from items;
2023-06-09 12:20:40.901 UTC [32] LOG:  statement: select name,quantity from items;
2023-06-09 12:20:40.925 UTC [32] LOG:  statement: select quantity from items;
2023-06-09 12:20:40.926 UTC [32] LOG:  statement: select count(id) as "Total Items" from items;
2023-06-09 12:20:40.934 UTC [32] LOG:  statement: select quantity from items;
2023-06-09 12:20:40.965 UTC [32] LOG:  statement: select quantity from items;
2023-06-09 12:20:46.475 UTC [32] LOG:  statement: select * from items;
2023-06-09 12:20:46.479 UTC [32] LOG:  statement: select quantity from items;
2023-06-09 12:20:46.485 UTC [32] LOG:  statement: select quantity from items;
2023-06-09 12:20:46.508 UTC [32] LOG:  statement: select quantity from items;
2023-06-09 12:20:46.526 UTC [32] LOG:  statement: select count(id) as "Total Items" from items;
2023-06-09 12:20:46.535 UTC [34] LOG:  statement: select name,quantity from items;
2023-06-09 12:21:58.992 UTC [34] LOG:  statement: select * from items;
2023-06-09 12:21:58.992 UTC [32] LOG:  statement: select quantity from items;
2023-06-09 12:21:59.001 UTC [32] LOG:  statement: select quantity from items;
2023-06-09 12:21:59.015 UTC [32] LOG:  statement: select quantity from items;
2023-06-09 12:21:59.036 UTC [32] LOG:  statement: select count(id) as "Total Items" from items;
2023-06-09 12:21:59.046 UTC [32] LOG:  statement: select name,quantity from items;
2023-06-09 12:24:24.181 UTC [51] FATAL:  role "root" does not exist
2023-06-09 12:24:25.236 UTC [23] LOG:  checkpoint starting: time
2023-06-09 12:24:29.470 UTC [23] LOG:  checkpoint complete: wrote 45 buffers (0.3%); 0 WAL file(s) added, 0 removed, 0 recycled; write=4.213 s, sync=0.010 s, total=4.234 s; sync files=13, longest=0.006 s, average=0.001 s; distance=252 kB, estimate=252 kB
2023-06-09 12:29:24.275 UTC [73] FATAL:  role "root" does not exist
2023-06-09 12:34:24.354 UTC [95] FATAL:  role "root" does not exist
2023-06-09 12:39:08.865 UTC [1] LOG:  received fast shutdown request
2023-06-09 12:39:08.877 UTC [1] LOG:  aborting any active transactions
2023-06-09 12:39:08.881 UTC [1] LOG:  background worker "logical replication launcher" (PID 28) exited with exit code 1
2023-06-09 12:39:08.887 UTC [23] LOG:  shutting down
2023-06-09 12:39:08.897 UTC [23] LOG:  checkpoint starting: shutdown immediate
2023-06-09 12:39:08.952 UTC [23] LOG:  checkpoint complete: wrote 0 buffers (0.0%); 0 WAL file(s) added, 0 removed, 0 recycled; write=0.016 s, sync=0.001 s, total=0.065 s; sync files=0, longest=0.000 s, average=0.000 s; distance=0 kB, estimate=227 kB
2023-06-09 12:39:08.957 UTC [1] LOG:  database system is shut down
